<?xml version="1.0" encoding="UTF-8"?>
<!-- Generated by org.testng.reporters.JUnitReportReporter -->
<testsuite hostname="LAPTOP-4N8SQ24O" failures="0" tests="1" name="coverFoxTestClass.TC1234_CoverFox_ValidateBannerCount" time="17.474" errors="0" timestamp="2024-10-15T19:26:57 IST" skipped="0">
  <testcase classname="coverFoxTestClass.TC1234_CoverFox_ValidateBannerCount" name="validatePolicyCount" time="17.474">
    <system-out>
      <![CDATA[getting policy count from text displayed...
getting policy count from banners displayed..
TCvalidatePolicyCountpassed]]>
    </system-out>
  </testcase> <!-- validatePolicyCount -->
  <system-out>
    <![CDATA[Launching browser..
Waiting...
clicking on gender button...
clicking on next button..
handling age dropdown..
clicking on next button...
entering pincode..
entering mobile number..
clicking on continue button..
getting policy count from text displayed...
getting policy count from banners displayed..
TCvalidatePolicyCountpassed
Closing Browser..]]>
  </system-out>
</testsuite> <!-- coverFoxTestClass.TC1234_CoverFox_ValidateBannerCount -->
